[debug] [2023-01-31T17:31:40.816Z] ----------------------------------------------------------------------
[debug] [2023-01-31T17:31:40.820Z] Command:       C:\Program Files\nodejs\node.exe C:\Users\WALTON\AppData\Roaming\npm\node_modules\firebase-tools\lib\bin\firebase.js deploy
[debug] [2023-01-31T17:31:40.822Z] CLI Version:   11.11.0
[debug] [2023-01-31T17:31:40.822Z] Platform:      win32
[debug] [2023-01-31T17:31:40.823Z] Node Version:  v16.13.1
[debug] [2023-01-31T17:31:40.836Z] Time:          Tue Jan 31 2023 23:31:40 GMT+0600 (Bangladesh Standard Time)
[debug] [2023-01-31T17:31:40.836Z] ----------------------------------------------------------------------
[debug] 
[debug] [2023-01-31T17:31:40.841Z] >>> [apiv2][query] GET https://firebase-public.firebaseio.com/cli.json [none]
[debug] [2023-01-31T17:31:40.981Z] > command requires scopes: ["email","openid","https://www.googleapis.com/auth/cloudplatformprojects.readonly","https://www.googleapis.com/auth/firebase","https://www.googleapis.com/auth/cloud-platform"]
[debug] [2023-01-31T17:31:40.982Z] > authorizing via signed-in user (nurnahid939@gmail.com)
[debug] [2023-01-31T17:31:40.983Z] [iam] checking project dev-nahid for permissions ["firebase.projects.get","firebasehosting.sites.update"]
[debug] [2023-01-31T17:31:40.985Z] > refreshing access token with scopes: []
[debug] [2023-01-31T17:31:40.987Z] >>> [apiv2][query] POST https://www.googleapis.com/oauth2/v3/token [none]
[debug] [2023-01-31T17:31:40.987Z] >>> [apiv2][body] POST https://www.googleapis.com/oauth2/v3/token [omitted]
[debug] [2023-01-31T17:31:41.353Z] <<< [apiv2][status] POST https://www.googleapis.com/oauth2/v3/token 200
[debug] [2023-01-31T17:31:41.355Z] <<< [apiv2][body] POST https://www.googleapis.com/oauth2/v3/token [omitted]
[debug] [2023-01-31T17:31:41.371Z] >>> [apiv2][query] POST https://cloudresourcemanager.googleapis.com/v1/projects/dev-nahid:testIamPermissions [none]
[debug] [2023-01-31T17:31:41.371Z] >>> [apiv2][(partial)header] POST https://cloudresourcemanager.googleapis.com/v1/projects/dev-nahid:testIamPermissions x-goog-quota-user=projects/dev-nahid
[debug] [2023-01-31T17:31:41.372Z] >>> [apiv2][body] POST https://cloudresourcemanager.googleapis.com/v1/projects/dev-nahid:testIamPermissions {"permissions":["firebase.projects.get","firebasehosting.sites.update"]}
[debug] [2023-01-31T17:31:41.671Z] <<< [apiv2][status] GET https://firebase-public.firebaseio.com/cli.json 200
[debug] [2023-01-31T17:31:41.672Z] <<< [apiv2][body] GET https://firebase-public.firebaseio.com/cli.json {"cloudBuildErrorAfter":1594252800000,"cloudBuildWarnAfter":1590019200000,"defaultNode10After":1594252800000,"minVersion":"3.0.5","node8DeploysDisabledAfter":1613390400000,"node8RuntimeDisabledAfter":1615809600000,"node8WarnAfter":1600128000000}
[debug] [2023-01-31T17:31:42.883Z] <<< [apiv2][status] POST https://cloudresourcemanager.googleapis.com/v1/projects/dev-nahid:testIamPermissions 200
[debug] [2023-01-31T17:31:42.883Z] <<< [apiv2][body] POST https://cloudresourcemanager.googleapis.com/v1/projects/dev-nahid:testIamPermissions {"permissions":["firebase.projects.get","firebasehosting.sites.update"]}
[debug] [2023-01-31T17:31:42.886Z] >>> [apiv2][query] GET https://firebase.googleapis.com/v1beta1/projects/dev-nahid [none]
[debug] [2023-01-31T17:31:43.647Z] <<< [apiv2][status] GET https://firebase.googleapis.com/v1beta1/projects/dev-nahid 200
[debug] [2023-01-31T17:31:43.647Z] <<< [apiv2][body] GET https://firebase.googleapis.com/v1beta1/projects/dev-nahid {"projectId":"dev-nahid","projectNumber":"192356508405","displayName":"dev-nahid","name":"projects/dev-nahid","resources":{"hostingSite":"dev-nahid"},"state":"ACTIVE","etag":"1_52c54d69-24cd-40eb-b3e9-621b43c3e443"}
[info] 
[info] === Deploying to 'dev-nahid'...
[info] 
[info] i  deploying hosting 
[debug] [2023-01-31T17:31:43.657Z] >>> [apiv2][query] GET https://firebase.googleapis.com/v1beta1/projects/dev-nahid [none]
[debug] [2023-01-31T17:31:44.167Z] <<< [apiv2][status] GET https://firebase.googleapis.com/v1beta1/projects/dev-nahid 200
[debug] [2023-01-31T17:31:44.167Z] <<< [apiv2][body] GET https://firebase.googleapis.com/v1beta1/projects/dev-nahid {"projectId":"dev-nahid","projectNumber":"192356508405","displayName":"dev-nahid","name":"projects/dev-nahid","resources":{"hostingSite":"dev-nahid"},"state":"ACTIVE","etag":"1_52c54d69-24cd-40eb-b3e9-621b43c3e443"}
[debug] [2023-01-31T17:31:44.171Z] >>> [apiv2][query] POST https://firebasehosting.googleapis.com/v1beta1/projects/192356508405/sites/dev-nahid/versions [none]
[debug] [2023-01-31T17:31:44.172Z] >>> [apiv2][body] POST https://firebasehosting.googleapis.com/v1beta1/projects/192356508405/sites/dev-nahid/versions {"config":{"rewrites":[{"glob":"**","path":"/index.html"}]},"labels":{"deployment-tool":"cli-firebase"}}
[debug] [2023-01-31T17:31:45.922Z] <<< [apiv2][status] POST https://firebasehosting.googleapis.com/v1beta1/projects/192356508405/sites/dev-nahid/versions 200
[debug] [2023-01-31T17:31:45.923Z] <<< [apiv2][body] POST https://firebasehosting.googleapis.com/v1beta1/projects/192356508405/sites/dev-nahid/versions {"name":"projects/192356508405/sites/dev-nahid/versions/51e29ddc6f7cb51b","status":"CREATED","config":{"rewrites":[{"glob":"**","path":"/index.html"}]},"labels":{"deployment-tool":"cli-firebase"}}
[info] i  hosting[dev-nahid]: beginning deploy... 
[info] i  hosting[dev-nahid]: found 21 files in build 
[debug] [2023-01-31T17:31:45.970Z] [hosting] uploading with 200 concurrency
[debug] [2023-01-31T17:31:47.822Z] [hosting] hash cache [YnVpbGQ] stored for 21 files
[debug] [2023-01-31T17:31:47.822Z] [hosting][hash queue][FINAL] {"max":1837,"min":6,"avg":217.61904761904762,"active":0,"complete":21,"success":21,"errored":0,"retried":0,"total":21,"elapsed":1847}
[debug] [2023-01-31T17:31:47.823Z] >>> [apiv2][query] POST https://firebasehosting.googleapis.com/v1beta1/projects/192356508405/sites/dev-nahid/versions/51e29ddc6f7cb51b:populateFiles [none]
[debug] [2023-01-31T17:31:47.823Z] >>> [apiv2][body] POST https://firebasehosting.googleapis.com/v1beta1/projects/192356508405/sites/dev-nahid/versions/51e29ddc6f7cb51b:populateFiles {"files":{"/favicon.ico":"eae62e993eb980ec8a25058c39d5a51feab118bd2100c4deebb2a9c158ec11f9","/logo192.png":"3ee59515172ee198f3be375979df15ac5345183e656720a381b8872b2a39dc8b","/logo512.png":"ee7e2f3fdb8209c4b6fd7bef6ba50d1b9dba30a25bb5c3126df057e1cb6f5331","/manifest.json":"aff3449bdc238776f5d6d967f19ec491b36aed5fb7f23ccff6500736fd58494a","/robots.txt":"bfe106a3fb878dc83461c86818bf74fc1bdc7f28538ba613cd3e775516ce8b49","/asset-manifest.json":"afd0916a17e0e002254e6b3eb58440bb33bb8deb58a89bacea22f4448f2d3823","/index.html":"1894e87ebd038c2848aa4c4d011ec591a5eda55e5c226a3078b17f9daf364f31","/static/js/787.fc6151d6.chunk.js":"44a1edb3f4b38bb7a2cdb6a575370c41d4b2a603cfea4a4047423d48058bfea2","/static/js/787.fc6151d6.chunk.js.map":"6c9403f2724a407b913cb8c2d690deb8f5a3ec94566a070d1672b3335be81fa3","/static/js/main.e7030c99.js.LICENSE.txt":"b57542ff034da72d2e0dd12573da6c72f1f65cd29f094ab4543fbf10e6a54235","/static/css/main.10d1c8dc.css":"0f4812a6970a668102bbb08e83ff34bef25ca3afa5033478caaf4ce31c34b469","/static/css/main.10d1c8dc.css.map":"b101cf2d80fb4a612e72d0950bf3d66392fd38b2cd0a06f942f99025e149aa74","/static/js/main.e7030c99.js":"270bd3992b595ae7d33669105e58fc1effc9094210417c999f2a7b790e0837fb","/static/media/contact.30802180c716a0975180.png":"c5be9fcd9611ffdf9f813e2a04ae5f3c6ef8073ff27ee725682774cb0047ab19","/static/media/banner.6b44afa1c88114ec7fae.png":"19976ffa93d904d2f05ab652a7b64c32d149f59703e9075107c2431f421748d1","/static/media/aboutme.24964b57b59bec3d4b3d.jpg":"4170c8f7b088c2bcfc5088a47f277f7291c20f09eda33f2f47d86d1fabfe372e","/static/media/landing.7d64ac87a12205853993.png":"f0856e8a35c2db50f3e8b5fed40880142e10b2dfce79c71819d6e042d923490d","/static/media/dportal.dadd2681cd1c3eba1868.png":"bf2c663515eaa469d0cb5f07d3a891565004de4de6be5d25a0956f8006e7389b","/static/media/booking.c58f4b1157542ca2fbe9.png":"a2ddd6b20acc08dede131d27a30f3e771777ef9305e7f8f7e5052ffbff2c7860","/static/media/motoWorld.ff58df0bcc32492a3b14.png":"e8f54306321c14e793dfa5488f1717877b0691a663fd8f728a2245a43bcc0c86","/static/js/main.e7030c99.js.map":"a74bd2242dd77978a9832baf7e421596d6187a7c38cd9146463e33548aedd06e"}}
[debug] [2023-01-31T17:31:49.100Z] <<< [apiv2][status] POST https://firebasehosting.googleapis.com/v1beta1/projects/192356508405/sites/dev-nahid/versions/51e29ddc6f7cb51b:populateFiles 200
[debug] [2023-01-31T17:31:49.101Z] <<< [apiv2][body] POST https://firebasehosting.googleapis.com/v1beta1/projects/192356508405/sites/dev-nahid/versions/51e29ddc6f7cb51b:populateFiles {"uploadRequiredHashes":["b101cf2d80fb4a612e72d0950bf3d66392fd38b2cd0a06f942f99025e149aa74","1894e87ebd038c2848aa4c4d011ec591a5eda55e5c226a3078b17f9daf364f31","270bd3992b595ae7d33669105e58fc1effc9094210417c999f2a7b790e0837fb","afd0916a17e0e002254e6b3eb58440bb33bb8deb58a89bacea22f4448f2d3823","c5be9fcd9611ffdf9f813e2a04ae5f3c6ef8073ff27ee725682774cb0047ab19","f0856e8a35c2db50f3e8b5fed40880142e10b2dfce79c71819d6e042d923490d","bf2c663515eaa469d0cb5f07d3a891565004de4de6be5d25a0956f8006e7389b","0f4812a6970a668102bbb08e83ff34bef25ca3afa5033478caaf4ce31c34b469","a74bd2242dd77978a9832baf7e421596d6187a7c38cd9146463e33548aedd06e"],"uploadUrl":"https://upload-firebasehosting.googleapis.com/upload/sites/dev-nahid/versions/51e29ddc6f7cb51b/files"}
[debug] [2023-01-31T17:31:49.109Z] >>> [apiv2][query] POST https://upload-firebasehosting.googleapis.com/upload/sites/dev-nahid/versions/51e29ddc6f7cb51b/files/b101cf2d80fb4a612e72d0950bf3d66392fd38b2cd0a06f942f99025e149aa74 [none]
[debug] [2023-01-31T17:31:49.110Z] >>> [apiv2][body] POST https://upload-firebasehosting.googleapis.com/upload/sites/dev-nahid/versions/51e29ddc6f7cb51b/files/b101cf2d80fb4a612e72d0950bf3d66392fd38b2cd0a06f942f99025e149aa74 [stream]
[debug] [2023-01-31T17:31:49.112Z] >>> [apiv2][query] POST https://upload-firebasehosting.googleapis.com/upload/sites/dev-nahid/versions/51e29ddc6f7cb51b/files/1894e87ebd038c2848aa4c4d011ec591a5eda55e5c226a3078b17f9daf364f31 [none]
[debug] [2023-01-31T17:31:49.113Z] >>> [apiv2][body] POST https://upload-firebasehosting.googleapis.com/upload/sites/dev-nahid/versions/51e29ddc6f7cb51b/files/1894e87ebd038c2848aa4c4d011ec591a5eda55e5c226a3078b17f9daf364f31 [stream]
[debug] [2023-01-31T17:31:49.115Z] >>> [apiv2][query] POST https://upload-firebasehosting.googleapis.com/upload/sites/dev-nahid/versions/51e29ddc6f7cb51b/files/270bd3992b595ae7d33669105e58fc1effc9094210417c999f2a7b790e0837fb [none]
[debug] [2023-01-31T17:31:49.116Z] >>> [apiv2][body] POST https://upload-firebasehosting.googleapis.com/upload/sites/dev-nahid/versions/51e29ddc6f7cb51b/files/270bd3992b595ae7d33669105e58fc1effc9094210417c999f2a7b790e0837fb [stream]
[debug] [2023-01-31T17:31:49.118Z] >>> [apiv2][query] POST https://upload-firebasehosting.googleapis.com/upload/sites/dev-nahid/versions/51e29ddc6f7cb51b/files/afd0916a17e0e002254e6b3eb58440bb33bb8deb58a89bacea22f4448f2d3823 [none]
[debug] [2023-01-31T17:31:49.118Z] >>> [apiv2][body] POST https://upload-firebasehosting.googleapis.com/upload/sites/dev-nahid/versions/51e29ddc6f7cb51b/files/afd0916a17e0e002254e6b3eb58440bb33bb8deb58a89bacea22f4448f2d3823 [stream]
[debug] [2023-01-31T17:31:49.120Z] >>> [apiv2][query] POST https://upload-firebasehosting.googleapis.com/upload/sites/dev-nahid/versions/51e29ddc6f7cb51b/files/c5be9fcd9611ffdf9f813e2a04ae5f3c6ef8073ff27ee725682774cb0047ab19 [none]
[debug] [2023-01-31T17:31:49.120Z] >>> [apiv2][body] POST https://upload-firebasehosting.googleapis.com/upload/sites/dev-nahid/versions/51e29ddc6f7cb51b/files/c5be9fcd9611ffdf9f813e2a04ae5f3c6ef8073ff27ee725682774cb0047ab19 [stream]
[debug] [2023-01-31T17:31:49.122Z] >>> [apiv2][query] POST https://upload-firebasehosting.googleapis.com/upload/sites/dev-nahid/versions/51e29ddc6f7cb51b/files/f0856e8a35c2db50f3e8b5fed40880142e10b2dfce79c71819d6e042d923490d [none]
[debug] [2023-01-31T17:31:49.122Z] >>> [apiv2][body] POST https://upload-firebasehosting.googleapis.com/upload/sites/dev-nahid/versions/51e29ddc6f7cb51b/files/f0856e8a35c2db50f3e8b5fed40880142e10b2dfce79c71819d6e042d923490d [stream]
[debug] [2023-01-31T17:31:49.123Z] >>> [apiv2][query] POST https://upload-firebasehosting.googleapis.com/upload/sites/dev-nahid/versions/51e29ddc6f7cb51b/files/bf2c663515eaa469d0cb5f07d3a891565004de4de6be5d25a0956f8006e7389b [none]
[debug] [2023-01-31T17:31:49.124Z] >>> [apiv2][body] POST https://upload-firebasehosting.googleapis.com/upload/sites/dev-nahid/versions/51e29ddc6f7cb51b/files/bf2c663515eaa469d0cb5f07d3a891565004de4de6be5d25a0956f8006e7389b [stream]
[debug] [2023-01-31T17:31:49.125Z] >>> [apiv2][query] POST https://upload-firebasehosting.googleapis.com/upload/sites/dev-nahid/versions/51e29ddc6f7cb51b/files/0f4812a6970a668102bbb08e83ff34bef25ca3afa5033478caaf4ce31c34b469 [none]
[debug] [2023-01-31T17:31:49.125Z] >>> [apiv2][body] POST https://upload-firebasehosting.googleapis.com/upload/sites/dev-nahid/versions/51e29ddc6f7cb51b/files/0f4812a6970a668102bbb08e83ff34bef25ca3afa5033478caaf4ce31c34b469 [stream]
[debug] [2023-01-31T17:31:49.126Z] >>> [apiv2][query] POST https://upload-firebasehosting.googleapis.com/upload/sites/dev-nahid/versions/51e29ddc6f7cb51b/files/a74bd2242dd77978a9832baf7e421596d6187a7c38cd9146463e33548aedd06e [none]
[debug] [2023-01-31T17:31:49.126Z] >>> [apiv2][body] POST https://upload-firebasehosting.googleapis.com/upload/sites/dev-nahid/versions/51e29ddc6f7cb51b/files/a74bd2242dd77978a9832baf7e421596d6187a7c38cd9146463e33548aedd06e [stream]
[debug] [2023-01-31T17:31:49.128Z] [hosting][populate queue][FINAL] {"max":1289,"min":1289,"avg":1289,"active":0,"complete":1,"success":1,"errored":0,"retried":0,"total":1,"elapsed":1308}
[debug] [2023-01-31T17:31:49.128Z] [hosting] uploads queued: 9
[debug] [2023-01-31T17:31:52.053Z] <<< [apiv2][status] POST https://upload-firebasehosting.googleapis.com/upload/sites/dev-nahid/versions/51e29ddc6f7cb51b/files/0f4812a6970a668102bbb08e83ff34bef25ca3afa5033478caaf4ce31c34b469 200
[debug] [2023-01-31T17:31:52.053Z] <<< [apiv2][body] POST https://upload-firebasehosting.googleapis.com/upload/sites/dev-nahid/versions/51e29ddc6f7cb51b/files/0f4812a6970a668102bbb08e83ff34bef25ca3afa5033478caaf4ce31c34b469 [stream]
[debug] [2023-01-31T17:31:52.056Z] <<< [apiv2][status] POST https://upload-firebasehosting.googleapis.com/upload/sites/dev-nahid/versions/51e29ddc6f7cb51b/files/1894e87ebd038c2848aa4c4d011ec591a5eda55e5c226a3078b17f9daf364f31 200
[debug] [2023-01-31T17:31:52.056Z] <<< [apiv2][body] POST https://upload-firebasehosting.googleapis.com/upload/sites/dev-nahid/versions/51e29ddc6f7cb51b/files/1894e87ebd038c2848aa4c4d011ec591a5eda55e5c226a3078b17f9daf364f31 [stream]
[debug] [2023-01-31T17:31:52.132Z] <<< [apiv2][status] POST https://upload-firebasehosting.googleapis.com/upload/sites/dev-nahid/versions/51e29ddc6f7cb51b/files/270bd3992b595ae7d33669105e58fc1effc9094210417c999f2a7b790e0837fb 200
[debug] [2023-01-31T17:31:52.132Z] <<< [apiv2][body] POST https://upload-firebasehosting.googleapis.com/upload/sites/dev-nahid/versions/51e29ddc6f7cb51b/files/270bd3992b595ae7d33669105e58fc1effc9094210417c999f2a7b790e0837fb [stream]
[debug] [2023-01-31T17:31:52.215Z] <<< [apiv2][status] POST https://upload-firebasehosting.googleapis.com/upload/sites/dev-nahid/versions/51e29ddc6f7cb51b/files/afd0916a17e0e002254e6b3eb58440bb33bb8deb58a89bacea22f4448f2d3823 200
[debug] [2023-01-31T17:31:52.216Z] <<< [apiv2][body] POST https://upload-firebasehosting.googleapis.com/upload/sites/dev-nahid/versions/51e29ddc6f7cb51b/files/afd0916a17e0e002254e6b3eb58440bb33bb8deb58a89bacea22f4448f2d3823 [stream]
[debug] [2023-01-31T17:31:52.323Z] <<< [apiv2][status] POST https://upload-firebasehosting.googleapis.com/upload/sites/dev-nahid/versions/51e29ddc6f7cb51b/files/c5be9fcd9611ffdf9f813e2a04ae5f3c6ef8073ff27ee725682774cb0047ab19 200
[debug] [2023-01-31T17:31:52.323Z] <<< [apiv2][body] POST https://upload-firebasehosting.googleapis.com/upload/sites/dev-nahid/versions/51e29ddc6f7cb51b/files/c5be9fcd9611ffdf9f813e2a04ae5f3c6ef8073ff27ee725682774cb0047ab19 [stream]
[debug] [2023-01-31T17:31:52.530Z] <<< [apiv2][status] POST https://upload-firebasehosting.googleapis.com/upload/sites/dev-nahid/versions/51e29ddc6f7cb51b/files/b101cf2d80fb4a612e72d0950bf3d66392fd38b2cd0a06f942f99025e149aa74 200
[debug] [2023-01-31T17:31:52.531Z] <<< [apiv2][body] POST https://upload-firebasehosting.googleapis.com/upload/sites/dev-nahid/versions/51e29ddc6f7cb51b/files/b101cf2d80fb4a612e72d0950bf3d66392fd38b2cd0a06f942f99025e149aa74 [stream]
[debug] [2023-01-31T17:31:53.356Z] <<< [apiv2][status] POST https://upload-firebasehosting.googleapis.com/upload/sites/dev-nahid/versions/51e29ddc6f7cb51b/files/a74bd2242dd77978a9832baf7e421596d6187a7c38cd9146463e33548aedd06e 200
[debug] [2023-01-31T17:31:53.356Z] <<< [apiv2][body] POST https://upload-firebasehosting.googleapis.com/upload/sites/dev-nahid/versions/51e29ddc6f7cb51b/files/a74bd2242dd77978a9832baf7e421596d6187a7c38cd9146463e33548aedd06e [stream]
[debug] [2023-01-31T17:31:53.360Z] <<< [apiv2][status] POST https://upload-firebasehosting.googleapis.com/upload/sites/dev-nahid/versions/51e29ddc6f7cb51b/files/bf2c663515eaa469d0cb5f07d3a891565004de4de6be5d25a0956f8006e7389b 200
[debug] [2023-01-31T17:31:53.361Z] <<< [apiv2][body] POST https://upload-firebasehosting.googleapis.com/upload/sites/dev-nahid/versions/51e29ddc6f7cb51b/files/bf2c663515eaa469d0cb5f07d3a891565004de4de6be5d25a0956f8006e7389b [stream]
